Jun 04, 2023 3:59:31 PM Main main
INFO: Logger initialized
Jun 04, 2023 3:59:33 PM View.View updateEvent
INFO: Continue game
Jun 04, 2023 3:59:33 PM Model.Model handleRequest
INFO: Model go down
Jun 04, 2023 3:59:33 PM Model.Model handleRequest
INFO: Model changed
Jun 04, 2023 3:59:34 PM View.View updateEvent
INFO: Continue game
Jun 04, 2023 3:59:34 PM Model.Model handleRequest
INFO: Model go down
Jun 04, 2023 3:59:34 PM Model.Model handleRequest
INFO: Model changed
Jun 04, 2023 3:59:34 PM View.View updateEvent
INFO: Continue game
Jun 04, 2023 3:59:34 PM Model.Model handleRequest
INFO: Model go down
Jun 04, 2023 3:59:34 PM Model.Model handleRequest
INFO: Model changed
Jun 04, 2023 3:59:34 PM View.View updateEvent
INFO: Continue game
Jun 04, 2023 3:59:35 PM Model.Model handleRequest
INFO: Model go down
Jun 04, 2023 3:59:35 PM Model.Model handleRequest
INFO: Model changed
Jun 04, 2023 3:59:35 PM View.View updateEvent
INFO: Continue game
Jun 04, 2023 3:59:35 PM Model.Model handleRequest
INFO: Model go down
Jun 04, 2023 3:59:35 PM Model.Model handleRequest
INFO: Model changed
Jun 04, 2023 3:59:35 PM View.View updateEvent
INFO: Continue game
Jun 04, 2023 3:59:36 PM Model.Model handleRequest
INFO: Model go down
Jun 04, 2023 3:59:36 PM Model.Model handleRequest
INFO: Model changed
Jun 04, 2023 3:59:36 PM View.View updateEvent
INFO: Continue game
Jun 04, 2023 3:59:36 PM Model.Model handleRequest
INFO: Model go down
Jun 04, 2023 3:59:36 PM Model.Model handleRequest
INFO: Model changed
Jun 04, 2023 3:59:36 PM View.View updateEvent
INFO: Continue game
Jun 04, 2023 3:59:37 PM Model.Model handleRequest
INFO: Model go down
Jun 04, 2023 3:59:37 PM Model.Model handleRequest
INFO: Model changed
Jun 04, 2023 3:59:37 PM View.View updateEvent
INFO: Continue game
Jun 04, 2023 3:59:37 PM Model.Model handleRequest
INFO: Model go down
Jun 04, 2023 3:59:37 PM Model.Model handleRequest
INFO: Model changed
Jun 04, 2023 3:59:37 PM View.View updateEvent
INFO: Continue game
Jun 04, 2023 3:59:38 PM Model.Model handleRequest
INFO: Model go down
Jun 04, 2023 3:59:38 PM Model.Model handleRequest
INFO: Model changed
Jun 04, 2023 3:59:38 PM View.View updateEvent
INFO: Continue game
Jun 04, 2023 3:59:38 PM Model.Model handleRequest
INFO: Model go down
Jun 04, 2023 3:59:38 PM Model.Model handleRequest
INFO: Model changed
Jun 04, 2023 3:59:38 PM View.View updateEvent
INFO: Continue game
Jun 04, 2023 3:59:39 PM Model.Model handleRequest
INFO: Model go down
Jun 04, 2023 3:59:39 PM Model.Model handleRequest
INFO: Model changed
Jun 04, 2023 3:59:39 PM View.View updateEvent
INFO: Continue game
Jun 04, 2023 3:59:39 PM Model.Model handleRequest
INFO: Model go down
Jun 04, 2023 3:59:39 PM Model.Model handleRequest
INFO: Model changed
Jun 04, 2023 3:59:39 PM View.View updateEvent
INFO: Continue game
Jun 04, 2023 3:59:40 PM Model.Model handleRequest
INFO: Model go down
Jun 04, 2023 3:59:40 PM Model.Model handleRequest
INFO: Model changed
Jun 04, 2023 3:59:40 PM View.View updateEvent
INFO: Continue game
Jun 04, 2023 3:59:40 PM Model.Model handleRequest
INFO: Model go down
Jun 04, 2023 3:59:40 PM Model.Model handleRequest
INFO: Model changed
Jun 04, 2023 3:59:41 PM View.View updateEvent
INFO: Continue game
Jun 04, 2023 3:59:41 PM Model.Model handleRequest
INFO: Model go down
Jun 04, 2023 3:59:41 PM Model.Model handleRequest
INFO: Model changed
Jun 04, 2023 3:59:41 PM View.View updateEvent
INFO: Continue game
Jun 04, 2023 3:59:41 PM Model.Model handleRequest
INFO: Model go down
Jun 04, 2023 3:59:41 PM Model.Model handleRequest
INFO: Model changed
Jun 04, 2023 3:59:41 PM View.View updateEvent
INFO: Continue game
Jun 04, 2023 3:59:42 PM Model.Model handleRequest
INFO: Model go down
Jun 04, 2023 3:59:42 PM Model.Model handleRequest
INFO: Model changed
Jun 04, 2023 3:59:42 PM View.View updateEvent
INFO: Continue game
Jun 04, 2023 3:59:42 PM Model.Model handleRequest
INFO: Model go down
Jun 04, 2023 3:59:42 PM Model.Model handleRequest
INFO: Model changed
Jun 04, 2023 3:59:42 PM View.View updateEvent
INFO: Continue game
Jun 04, 2023 3:59:43 PM Model.Model handleRequest
INFO: Model go down
Jun 04, 2023 3:59:43 PM Model.Model handleRequest
INFO: Model changed
Jun 04, 2023 3:59:43 PM View.View updateEvent
INFO: Continue game
Jun 04, 2023 3:59:43 PM Model.Model handleRequest
INFO: Model go down
Jun 04, 2023 3:59:43 PM View.View updateEvent
INFO: Continue game
Jun 04, 2023 3:59:44 PM Model.Model handleRequest
INFO: Model go down
Jun 04, 2023 3:59:44 PM Model.Model handleRequest
INFO: Model changed
Jun 04, 2023 3:59:44 PM View.View updateEvent
INFO: Continue game
Jun 04, 2023 3:59:44 PM Model.Model handleRequest
INFO: Model go down
Jun 04, 2023 3:59:44 PM Model.Model handleRequest
INFO: Model changed
Jun 04, 2023 3:59:44 PM View.View updateEvent
INFO: Continue game
Jun 04, 2023 3:59:45 PM Model.Model handleRequest
INFO: Model go down
Jun 04, 2023 3:59:45 PM Model.Model handleRequest
INFO: Model changed
Jun 04, 2023 3:59:45 PM View.View updateEvent
INFO: Continue game
Jun 04, 2023 3:59:45 PM Model.Model handleRequest
INFO: Model go down
Jun 04, 2023 3:59:45 PM Model.Model handleRequest
INFO: Model changed
Jun 04, 2023 3:59:46 PM View.View updateEvent
INFO: Continue game
Jun 04, 2023 3:59:46 PM Model.Model handleRequest
INFO: Model go down
Jun 04, 2023 3:59:46 PM Model.Model handleRequest
INFO: Model changed
Jun 04, 2023 3:59:46 PM View.View updateEvent
INFO: Continue game
Jun 04, 2023 3:59:46 PM Model.Model handleRequest
INFO: Model go down
Jun 04, 2023 3:59:46 PM Model.Model handleRequest
INFO: Model changed
Jun 04, 2023 3:59:46 PM View.View updateEvent
INFO: Continue game
Jun 04, 2023 3:59:47 PM Model.Model handleRequest
INFO: Model go down
Jun 04, 2023 3:59:47 PM Model.Model handleRequest
INFO: Model changed
Jun 04, 2023 3:59:47 PM View.View updateEvent
INFO: Continue game
Jun 04, 2023 3:59:47 PM Model.Model handleRequest
INFO: Model go down
Jun 04, 2023 3:59:47 PM Model.Model handleRequest
INFO: Model changed
Jun 04, 2023 3:59:47 PM View.View updateEvent
INFO: Continue game
Jun 04, 2023 3:59:48 PM Model.Model handleRequest
INFO: Model go down
Jun 04, 2023 3:59:48 PM Model.Model handleRequest
INFO: Model changed
Jun 04, 2023 3:59:48 PM View.View updateEvent
INFO: Continue game
Jun 04, 2023 3:59:48 PM Model.Model handleRequest
INFO: Model go down
Jun 04, 2023 3:59:49 PM Model.Model handleRequest
INFO: Model changed
Jun 04, 2023 3:59:49 PM View.View updateEvent
INFO: Continue game
Jun 04, 2023 3:59:49 PM Model.Model handleRequest
INFO: Model go down
Jun 04, 2023 3:59:49 PM Model.Model handleRequest
INFO: Model changed
Jun 04, 2023 3:59:49 PM View.View updateEvent
INFO: Continue game
Jun 04, 2023 3:59:49 PM Model.Model handleRequest
INFO: Model go down
Jun 04, 2023 3:59:50 PM Model.Model handleRequest
INFO: Model changed
Jun 04, 2023 3:59:50 PM View.View updateEvent
INFO: Continue game
Jun 04, 2023 3:59:50 PM Model.Model handleRequest
INFO: Model go down
Jun 04, 2023 3:59:50 PM Model.Model handleRequest
INFO: Model changed
Jun 04, 2023 3:59:50 PM View.View updateEvent
INFO: Continue game
Jun 04, 2023 3:59:50 PM Model.Model handleRequest
INFO: Model go down
Jun 04, 2023 3:59:50 PM Model.Model handleRequest
INFO: Model changed
Jun 04, 2023 3:59:50 PM View.View updateEvent
INFO: Continue game
Jun 04, 2023 3:59:50 PM Model.Model handleRequest
INFO: Model go down
Jun 04, 2023 3:59:50 PM Model.Model handleRequest
INFO: Model changed
Jun 04, 2023 3:59:50 PM View.View updateEvent
INFO: Continue game
Jun 04, 2023 3:59:50 PM Model.Model handleRequest
INFO: Model go down
Jun 04, 2023 3:59:50 PM Model.Model handleRequest
INFO: Model changed
Jun 04, 2023 3:59:50 PM View.View updateEvent
INFO: Continue game
Jun 04, 2023 3:59:50 PM Model.Model handleRequest
INFO: Model go down
Jun 04, 2023 3:59:50 PM Model.Model handleRequest
INFO: Model changed
Jun 04, 2023 3:59:50 PM View.View updateEvent
INFO: Continue game
Jun 04, 2023 3:59:51 PM Model.Model handleRequest
INFO: Model go down
Jun 04, 2023 3:59:51 PM Model.Model handleRequest
INFO: Model changed
Jun 04, 2023 3:59:51 PM View.View updateEvent
INFO: Continue game
Jun 04, 2023 3:59:51 PM Model.Model handleRequest
INFO: Model go down
Jun 04, 2023 3:59:51 PM Model.Model handleRequest
INFO: Model changed
Jun 04, 2023 3:59:51 PM View.View updateEvent
INFO: Continue game
Jun 04, 2023 3:59:52 PM Model.Model handleRequest
INFO: Model go down
Jun 04, 2023 3:59:52 PM View.View updateEvent
INFO: Continue game
Jun 04, 2023 3:59:52 PM Model.Model handleRequest
INFO: Model go down
Jun 04, 2023 3:59:52 PM Model.Model handleRequest
INFO: Model changed
Jun 04, 2023 3:59:52 PM View.View updateEvent
INFO: Continue game
Jun 04, 2023 3:59:53 PM Model.Model handleRequest
INFO: Model go down
Jun 04, 2023 3:59:53 PM Model.Model handleRequest
INFO: Model changed
Jun 04, 2023 3:59:53 PM View.View updateEvent
INFO: Continue game
Jun 04, 2023 3:59:53 PM Model.Model handleRequest
INFO: Model go down
Jun 04, 2023 3:59:53 PM Model.Model handleRequest
INFO: Model changed
Jun 04, 2023 3:59:53 PM View.View updateEvent
INFO: Continue game
Jun 04, 2023 3:59:54 PM Model.Model handleRequest
INFO: Model go down
Jun 04, 2023 3:59:54 PM Model.Model handleRequest
INFO: Model changed
Jun 04, 2023 3:59:54 PM View.View updateEvent
INFO: Continue game
Jun 04, 2023 3:59:54 PM Model.Model handleRequest
INFO: Model go down
Jun 04, 2023 3:59:54 PM Model.Model handleRequest
INFO: Model changed
Jun 04, 2023 3:59:54 PM View.View updateEvent
INFO: Continue game
Jun 04, 2023 3:59:55 PM Model.Model handleRequest
INFO: Model go down
Jun 04, 2023 3:59:55 PM Model.Model handleRequest
INFO: Model changed
Jun 04, 2023 3:59:55 PM View.View updateEvent
INFO: Continue game
Jun 04, 2023 3:59:55 PM Model.Model handleRequest
INFO: Model go down
Jun 04, 2023 3:59:55 PM Model.Model handleRequest
INFO: Model changed
Jun 04, 2023 3:59:55 PM View.View updateEvent
INFO: Continue game
Jun 04, 2023 3:59:56 PM Model.Model handleRequest
INFO: Model go down
Jun 04, 2023 3:59:56 PM Model.Model handleRequest
INFO: Model changed
Jun 04, 2023 3:59:56 PM View.View updateEvent
INFO: Continue game
Jun 04, 2023 3:59:56 PM Model.Model handleRequest
INFO: Model go down
Jun 04, 2023 3:59:56 PM Model.Model handleRequest
INFO: Model changed
Jun 04, 2023 3:59:56 PM View.View updateEvent
INFO: Continue game
Jun 04, 2023 3:59:57 PM Model.Model handleRequest
INFO: Model go down
Jun 04, 2023 3:59:57 PM Model.Model handleRequest
INFO: Model changed
Jun 04, 2023 3:59:57 PM View.View updateEvent
INFO: Continue game
Jun 04, 2023 3:59:57 PM Model.Model handleRequest
INFO: Model go down
Jun 04, 2023 3:59:57 PM Model.Model handleRequest
INFO: Model changed
Jun 04, 2023 3:59:57 PM View.View updateEvent
INFO: Continue game
Jun 04, 2023 3:59:58 PM Model.Model handleRequest
INFO: Model go down
Jun 04, 2023 3:59:58 PM Model.Model handleRequest
INFO: Model changed
Jun 04, 2023 3:59:58 PM View.View updateEvent
INFO: Continue game
Jun 04, 2023 3:59:58 PM Model.Model handleRequest
INFO: Model go down
Jun 04, 2023 3:59:58 PM Model.Model handleRequest
INFO: Model changed
Jun 04, 2023 3:59:58 PM View.View updateEvent
INFO: Continue game
Jun 04, 2023 3:59:59 PM Model.Model handleRequest
INFO: Model go down
Jun 04, 2023 3:59:59 PM Model.Model handleRequest
INFO: Model changed
Jun 04, 2023 3:59:59 PM View.View updateEvent
INFO: Continue game
Jun 04, 2023 3:59:59 PM Model.Model handleRequest
INFO: Model go down
Jun 04, 2023 3:59:59 PM Model.Model handleRequest
INFO: Model changed
Jun 04, 2023 3:59:59 PM View.View updateEvent
INFO: Continue game
Jun 04, 2023 4:00:00 PM Model.Model handleRequest
INFO: Model go down
Jun 04, 2023 4:00:00 PM Model.Model handleRequest
INFO: Model changed
Jun 04, 2023 4:00:00 PM View.View updateEvent
INFO: Continue game
Jun 04, 2023 4:00:00 PM Model.Model handleRequest
INFO: Model go down
Jun 04, 2023 4:00:00 PM Model.Model handleRequest
INFO: Model changed
Jun 04, 2023 4:00:00 PM View.View updateEvent
INFO: Continue game
Jun 04, 2023 4:00:01 PM Model.Model handleRequest
INFO: Model go down
Jun 04, 2023 4:00:01 PM View.View updateEvent
INFO: Continue game
Jun 04, 2023 4:00:01 PM Model.Model handleRequest
INFO: Model go down
Jun 04, 2023 4:00:01 PM Model.Model handleRequest
INFO: Model changed
Jun 04, 2023 4:00:01 PM View.View updateEvent
INFO: Continue game
Jun 04, 2023 4:00:02 PM Model.Model handleRequest
INFO: Model go down
Jun 04, 2023 4:00:02 PM Model.Model handleRequest
INFO: Model changed
Jun 04, 2023 4:00:02 PM View.View updateEvent
INFO: Continue game
Jun 04, 2023 4:00:02 PM Model.Model handleRequest
INFO: Model go down
Jun 04, 2023 4:00:02 PM Model.Model handleRequest
INFO: Model changed
Jun 04, 2023 4:00:02 PM View.View updateEvent
INFO: Continue game
Jun 04, 2023 4:00:03 PM Model.Model handleRequest
INFO: Model go down
Jun 04, 2023 4:00:03 PM Model.Model handleRequest
INFO: Model changed
Jun 04, 2023 4:00:03 PM View.View updateEvent
INFO: Continue game
Jun 04, 2023 4:00:03 PM Model.Model handleRequest
INFO: Model go down
Jun 04, 2023 4:00:03 PM Model.Model handleRequest
INFO: Model changed
Jun 04, 2023 4:00:03 PM View.View updateEvent
INFO: Continue game
Jun 04, 2023 4:00:04 PM Model.Model handleRequest
INFO: Model go down
Jun 04, 2023 4:00:04 PM Model.Model handleRequest
INFO: Model changed
Jun 04, 2023 4:00:04 PM View.View updateEvent
INFO: Continue game
Jun 04, 2023 4:00:04 PM Model.Model handleRequest
INFO: Model go down
Jun 04, 2023 4:00:04 PM Model.Model handleRequest
INFO: Model changed
Jun 04, 2023 4:00:04 PM View.View updateEvent
INFO: Continue game
Jun 04, 2023 4:00:05 PM Model.Model handleRequest
INFO: Model go down
Jun 04, 2023 4:00:05 PM Model.Model handleRequest
INFO: Model changed
Jun 04, 2023 4:00:05 PM View.View updateEvent
INFO: Continue game
Jun 04, 2023 4:00:05 PM Model.Model handleRequest
INFO: Model go down
Jun 04, 2023 4:00:05 PM Model.Model handleRequest
INFO: Model changed
Jun 04, 2023 4:00:05 PM View.View updateEvent
INFO: Continue game
Jun 04, 2023 4:00:06 PM Model.Model handleRequest
INFO: Model go down
Jun 04, 2023 4:00:06 PM Model.Model handleRequest
INFO: Model changed
Jun 04, 2023 4:00:06 PM View.View updateEvent
INFO: Continue game
Jun 04, 2023 4:00:06 PM Model.Model handleRequest
INFO: Model go down
Jun 04, 2023 4:00:06 PM Model.Model handleRequest
INFO: Model changed
Jun 04, 2023 4:00:06 PM View.View updateEvent
INFO: Continue game
Jun 04, 2023 4:00:07 PM Model.Model handleRequest
INFO: Model go down
Jun 04, 2023 4:00:07 PM Model.Model handleRequest
INFO: Model changed
Jun 04, 2023 4:00:07 PM View.View updateEvent
INFO: Continue game
Jun 04, 2023 4:00:07 PM Model.Model handleRequest
INFO: Model go down
Jun 04, 2023 4:00:07 PM Model.Model handleRequest
INFO: Model changed
Jun 04, 2023 4:00:07 PM View.View updateEvent
INFO: Continue game
Jun 04, 2023 4:00:08 PM Model.Model handleRequest
INFO: Model go down
Jun 04, 2023 4:00:08 PM Model.Model handleRequest
INFO: Model changed
Jun 04, 2023 4:00:08 PM View.View updateEvent
INFO: Continue game
Jun 04, 2023 4:00:08 PM Controller.Controller actionPerformed
INFO: Clicked on 'Pause'
Jun 04, 2023 4:00:38 PM Controller.Controller actionPerformed
INFO: Clicked on 'Continue'
Jun 04, 2023 4:00:39 PM Model.Model handleRequest
INFO: Model go down
Jun 04, 2023 4:00:39 PM Model.Model handleRequest
INFO: Model changed
Jun 04, 2023 4:00:39 PM View.View updateEvent
INFO: Continue game
Jun 04, 2023 4:00:39 PM Model.Model handleRequest
INFO: Model go down
Jun 04, 2023 4:00:39 PM View.View updateEvent
INFO: Continue game
Jun 04, 2023 4:00:40 PM Model.Model handleRequest
INFO: Model go down
Jun 04, 2023 4:00:40 PM Model.Model handleRequest
INFO: Model changed
Jun 04, 2023 4:00:40 PM View.View updateEvent
INFO: Continue game
Jun 04, 2023 4:00:40 PM Model.Model handleRequest
INFO: Model go down
Jun 04, 2023 4:00:40 PM Model.Model handleRequest
INFO: Model changed
Jun 04, 2023 4:00:40 PM View.View updateEvent
INFO: Continue game
Jun 04, 2023 4:00:41 PM Model.Model handleRequest
INFO: Model go down
Jun 04, 2023 4:00:41 PM Model.Model handleRequest
INFO: Model changed
Jun 04, 2023 4:00:41 PM View.View updateEvent
INFO: Continue game
Jun 04, 2023 4:00:41 PM Model.Model handleRequest
INFO: Model go down
Jun 04, 2023 4:00:41 PM Model.Model handleRequest
INFO: Model changed
Jun 04, 2023 4:00:41 PM View.View updateEvent
INFO: Continue game
Jun 04, 2023 4:00:42 PM Model.Model handleRequest
INFO: Model go down
Jun 04, 2023 4:00:42 PM Model.Model handleRequest
INFO: Model changed
Jun 04, 2023 4:00:42 PM View.View updateEvent
INFO: Continue game
Jun 04, 2023 4:00:42 PM Model.Model handleRequest
INFO: Model turn left
Jun 04, 2023 4:00:42 PM Model.Model handleRequest
INFO: Model changed
Jun 04, 2023 4:00:42 PM View.View updateEvent
INFO: Continue game
Jun 04, 2023 4:00:42 PM Model.Model handleRequest
INFO: Model go down
Jun 04, 2023 4:00:42 PM Model.Model handleRequest
INFO: Model changed
Jun 04, 2023 4:00:42 PM View.View updateEvent
INFO: Continue game
Jun 04, 2023 4:00:42 PM Model.Model handleRequest
INFO: Model go down
Jun 04, 2023 4:00:42 PM Model.Model handleRequest
INFO: Model changed
Jun 04, 2023 4:00:42 PM View.View updateEvent
INFO: Continue game
Jun 04, 2023 4:00:43 PM Model.Model handleRequest
INFO: Model go down
Jun 04, 2023 4:00:43 PM Model.Model handleRequest
INFO: Model changed
Jun 04, 2023 4:00:43 PM View.View updateEvent
INFO: Continue game
Jun 04, 2023 4:00:43 PM Model.Model handleRequest
INFO: Model go down
Jun 04, 2023 4:00:43 PM Model.Model handleRequest
INFO: Model changed
Jun 04, 2023 4:00:43 PM View.View updateEvent
INFO: Continue game
Jun 04, 2023 4:00:43 PM Model.Model handleRequest
INFO: Model go down
Jun 04, 2023 4:00:43 PM Model.Model handleRequest
INFO: Model changed
Jun 04, 2023 4:00:43 PM View.View updateEvent
INFO: Continue game
Jun 04, 2023 4:00:43 PM Model.Model handleRequest
INFO: Model go down
Jun 04, 2023 4:00:43 PM Model.Model handleRequest
INFO: Model changed
Jun 04, 2023 4:00:43 PM View.View updateEvent
INFO: Continue game
Jun 04, 2023 4:00:43 PM Model.Model handleRequest
INFO: Model go down
Jun 04, 2023 4:00:43 PM Model.Model handleRequest
INFO: Model changed
Jun 04, 2023 4:00:43 PM View.View updateEvent
INFO: Continue game
Jun 04, 2023 4:00:43 PM Model.Model handleRequest
INFO: Model go down
Jun 04, 2023 4:00:43 PM Model.Model handleRequest
INFO: Model changed
Jun 04, 2023 4:00:43 PM View.View updateEvent
INFO: Continue game
Jun 04, 2023 4:00:43 PM Model.Model handleRequest
INFO: Model go down
Jun 04, 2023 4:00:43 PM View.View updateEvent
INFO: Continue game
Jun 04, 2023 4:00:43 PM Model.Model handleRequest
INFO: Model go down
Jun 04, 2023 4:00:43 PM Model.Model handleRequest
INFO: Model changed
Jun 04, 2023 4:00:43 PM View.View updateEvent
INFO: Continue game
Jun 04, 2023 4:00:43 PM Model.Model handleRequest
INFO: Model go down
Jun 04, 2023 4:00:43 PM Model.Model handleRequest
INFO: Model changed
Jun 04, 2023 4:00:43 PM View.View updateEvent
INFO: Continue game
Jun 04, 2023 4:00:43 PM Model.Model handleRequest
INFO: Model go down
Jun 04, 2023 4:00:43 PM Model.Model handleRequest
INFO: Model changed
Jun 04, 2023 4:00:43 PM View.View updateEvent
INFO: Continue game
Jun 04, 2023 4:00:43 PM Model.Model handleRequest
INFO: Model go down
Jun 04, 2023 4:00:43 PM Model.Model handleRequest
INFO: Model changed
Jun 04, 2023 4:00:43 PM View.View updateEvent
INFO: Continue game
Jun 04, 2023 4:00:43 PM Model.Model handleRequest
INFO: Model go down
Jun 04, 2023 4:00:43 PM Model.Model handleRequest
INFO: Model changed
Jun 04, 2023 4:00:43 PM View.View updateEvent
INFO: Continue game
Jun 04, 2023 4:00:43 PM Model.Model handleRequest
INFO: Model go down
Jun 04, 2023 4:00:43 PM Model.Model handleRequest
INFO: Model changed
Jun 04, 2023 4:00:43 PM View.View updateEvent
INFO: Continue game
Jun 04, 2023 4:00:43 PM Model.Model handleRequest
INFO: Model go down
Jun 04, 2023 4:00:43 PM Model.Model handleRequest
INFO: Model changed
Jun 04, 2023 4:00:43 PM View.View updateEvent
INFO: Continue game
Jun 04, 2023 4:00:43 PM Model.Model handleRequest
INFO: Model go down
Jun 04, 2023 4:00:43 PM Model.Model handleRequest
INFO: Model changed
Jun 04, 2023 4:00:43 PM View.View updateEvent
INFO: Continue game
Jun 04, 2023 4:00:43 PM Model.Model handleRequest
INFO: Model go down
Jun 04, 2023 4:00:43 PM Model.Model handleRequest
INFO: Model changed
Jun 04, 2023 4:00:43 PM View.View updateEvent
INFO: Continue game
Jun 04, 2023 4:00:43 PM Model.Model handleRequest
INFO: Model go down
Jun 04, 2023 4:00:43 PM Model.Model handleRequest
INFO: Model changed
Jun 04, 2023 4:00:43 PM View.View updateEvent
INFO: Continue game
Jun 04, 2023 4:00:43 PM Model.Model handleRequest
INFO: Model go down
Jun 04, 2023 4:00:43 PM Model.Model handleRequest
INFO: Model changed
Jun 04, 2023 4:00:43 PM View.View updateEvent
INFO: Continue game
Jun 04, 2023 4:00:44 PM Model.Model handleRequest
INFO: Model go down
Jun 04, 2023 4:00:44 PM View.View updateEvent
INFO: Continue game
Jun 04, 2023 4:00:44 PM Model.Model handleRequest
INFO: Model go down
Jun 04, 2023 4:00:44 PM Model.Model handleRequest
INFO: Model changed
Jun 04, 2023 4:00:44 PM View.View updateEvent
INFO: Continue game
Jun 04, 2023 4:00:44 PM Model.Model handleRequest
INFO: Model go down
Jun 04, 2023 4:00:44 PM Model.Model handleRequest
INFO: Model changed
Jun 04, 2023 4:00:44 PM View.View updateEvent
INFO: Continue game
Jun 04, 2023 4:00:45 PM Model.Model handleRequest
INFO: Model go down
Jun 04, 2023 4:00:45 PM Model.Model handleRequest
INFO: Model changed
Jun 04, 2023 4:00:45 PM View.View updateEvent
INFO: Continue game
Jun 04, 2023 4:00:45 PM Model.Model handleRequest
INFO: Model go down
Jun 04, 2023 4:00:45 PM Model.Model handleRequest
INFO: Model changed
Jun 04, 2023 4:00:45 PM View.View updateEvent
INFO: Continue game
Jun 04, 2023 4:00:46 PM Model.Model handleRequest
INFO: Model go down
Jun 04, 2023 4:00:46 PM Model.Model handleRequest
INFO: Model changed
Jun 04, 2023 4:00:46 PM View.View updateEvent
INFO: Continue game
Jun 04, 2023 4:00:46 PM Controller.Controller actionPerformed
INFO: Clicked on 'Pause'
Jun 04, 2023 4:01:29 PM Controller.Controller actionPerformed
INFO: Clicked on 'Continue'
Jun 04, 2023 4:01:29 PM Model.Model handleRequest
INFO: Model go down
Jun 04, 2023 4:01:29 PM Model.Model handleRequest
INFO: Model changed
Jun 04, 2023 4:01:29 PM View.View updateEvent
INFO: Continue game
Jun 04, 2023 4:01:30 PM Model.Model handleRequest
INFO: Model go down
Jun 04, 2023 4:01:30 PM Model.Model handleRequest
INFO: Model changed
Jun 04, 2023 4:01:30 PM View.View updateEvent
INFO: Continue game
Jun 04, 2023 4:01:30 PM Model.Model handleRequest
INFO: Model go down
Jun 04, 2023 4:01:30 PM Model.Model handleRequest
INFO: Model changed
Jun 04, 2023 4:01:30 PM View.View updateEvent
INFO: Continue game
Jun 04, 2023 4:01:31 PM Model.Model handleRequest
INFO: Model go down
Jun 04, 2023 4:01:31 PM View.View updateEvent
INFO: Continue game
Jun 04, 2023 4:01:31 PM Model.Model handleRequest
INFO: Model go down
Jun 04, 2023 4:01:31 PM Model.Model handleRequest
INFO: Model changed
Jun 04, 2023 4:01:31 PM View.View updateEvent
INFO: Continue game
Jun 04, 2023 4:01:32 PM Model.Model handleRequest
INFO: Model go down
Jun 04, 2023 4:01:32 PM Model.Model handleRequest
INFO: Model changed
Jun 04, 2023 4:01:32 PM View.View updateEvent
INFO: Continue game
Jun 04, 2023 4:01:32 PM Model.Model handleRequest
INFO: Model go down
Jun 04, 2023 4:01:32 PM Model.Model handleRequest
INFO: Model changed
Jun 04, 2023 4:01:32 PM View.View updateEvent
INFO: Continue game
Jun 04, 2023 4:01:33 PM Model.Model handleRequest
INFO: Model go down
Jun 04, 2023 4:01:33 PM Model.Model handleRequest
INFO: Model changed
Jun 04, 2023 4:01:33 PM View.View updateEvent
INFO: Continue game
Jun 04, 2023 4:01:33 PM Model.Model handleRequest
INFO: Model go down
Jun 04, 2023 4:01:33 PM Model.Model handleRequest
INFO: Model changed
Jun 04, 2023 4:01:33 PM View.View updateEvent
INFO: Continue game
Jun 04, 2023 4:01:34 PM Model.Model handleRequest
INFO: Model go down
Jun 04, 2023 4:01:34 PM Model.Model handleRequest
INFO: Model changed
Jun 04, 2023 4:01:34 PM View.View updateEvent
INFO: Continue game
Jun 04, 2023 4:01:34 PM Model.Model handleRequest
INFO: Model go down
Jun 04, 2023 4:01:34 PM Model.Model handleRequest
INFO: Model changed
Jun 04, 2023 4:01:34 PM View.View updateEvent
INFO: Continue game
Jun 04, 2023 4:01:35 PM Model.Model handleRequest
INFO: Model go down
Jun 04, 2023 4:01:35 PM View.View updateEvent
INFO: Continue game
Jun 04, 2023 4:01:35 PM Model.Model handleRequest
INFO: Model go down
Jun 04, 2023 4:01:35 PM Model.Model handleRequest
INFO: Model changed
Jun 04, 2023 4:01:35 PM View.View updateEvent
INFO: Continue game
Jun 04, 2023 4:01:35 PM Model.Model handleRequest
INFO: Model go down
Jun 04, 2023 4:01:35 PM Model.Model handleRequest
INFO: Model changed
Jun 04, 2023 4:01:35 PM View.View updateEvent
INFO: Continue game
Jun 04, 2023 4:01:36 PM Model.Model handleRequest
INFO: Model go down
Jun 04, 2023 4:01:36 PM Model.Model handleRequest
INFO: Model changed
Jun 04, 2023 4:01:36 PM View.View updateEvent
INFO: Continue game
Jun 04, 2023 4:01:36 PM Controller.Controller actionPerformed
INFO: Clicked on 'Pause'
Jun 04, 2023 4:03:00 PM Controller.Controller actionPerformed
INFO: Clicked on 'Exit'
