Jun 03, 2023 11:41:07 PM Main main
INFO: Logger initialized
Jun 03, 2023 11:41:07 PM View.View updateEvent
INFO: Continue game
Jun 03, 2023 11:41:08 PM Model.Model handleRequest
INFO: Model go down
Jun 03, 2023 11:41:08 PM Model.Model handleRequest
INFO: Model changed
Jun 03, 2023 11:41:08 PM View.View updateEvent
INFO: Continue game
Jun 03, 2023 11:41:08 PM Model.Model handleRequest
INFO: Model go down
Jun 03, 2023 11:41:08 PM Model.Model handleRequest
INFO: Model changed
Jun 03, 2023 11:41:08 PM View.View updateEvent
INFO: Continue game
Jun 03, 2023 11:41:09 PM Model.Model handleRequest
INFO: Model go down
Jun 03, 2023 11:41:09 PM Model.Model handleRequest
INFO: Model changed
Jun 03, 2023 11:41:09 PM View.View updateEvent
INFO: Continue game
Jun 03, 2023 11:41:09 PM Model.Model handleRequest
INFO: Model go down
Jun 03, 2023 11:41:09 PM Model.Model handleRequest
INFO: Model changed
Jun 03, 2023 11:41:09 PM View.View updateEvent
INFO: Continue game
Jun 03, 2023 11:41:10 PM Model.Model handleRequest
INFO: Model go down
Jun 03, 2023 11:41:10 PM Model.Model handleRequest
INFO: Model changed
Jun 03, 2023 11:41:10 PM View.View updateEvent
INFO: Continue game
Jun 03, 2023 11:41:10 PM Controller.Controller actionPerformed
INFO: Clicked on 'Scores'
Jun 03, 2023 11:41:13 PM Model.Model handleRequest
INFO: Model go down
Jun 03, 2023 11:41:13 PM Model.Model handleRequest
INFO: Model changed
Jun 03, 2023 11:41:13 PM View.View updateEvent
INFO: Continue game
Jun 03, 2023 11:41:13 PM Model.Model handleRequest
INFO: Model go down
Jun 03, 2023 11:41:13 PM Model.Model handleRequest
INFO: Model changed
Jun 03, 2023 11:41:13 PM View.View updateEvent
INFO: Continue game
Jun 03, 2023 11:41:14 PM Model.Model handleRequest
INFO: Model go down
Jun 03, 2023 11:41:14 PM Model.Model handleRequest
INFO: Model changed
Jun 03, 2023 11:41:14 PM View.View updateEvent
INFO: Continue game
Jun 03, 2023 11:41:14 PM Model.Model handleRequest
INFO: Model go down
Jun 03, 2023 11:41:14 PM Model.Model handleRequest
INFO: Model changed
Jun 03, 2023 11:41:14 PM View.View updateEvent
INFO: Continue game
